<?xml version="1.0" encoding="UTF-8"?>
<!-- Generated by org.testng.reporters.JUnitReportReporter -->
<testsuite skipped="0" hostname="LAPTOP-EDK47936" name="qaclickacademy.RestApiTest" tests="2" failures="0" timestamp="2019-03-26T01:12:39 IST" time="0.016" errors="0">
  <testcase name="Twitter" time="0.000" classname="qaclickacademy.RestApiTest"/>
  <testcase name="PostJira" time="0.016" classname="qaclickacademy.RestApiTest"/>
</testsuite> <!-- qaclickacademy.RestApiTest -->
